\BOOKMARK [0][-]{chapter.1}{\376\377\000C\000o\000n\000t\000e\000n\000t\000s}{}% 1
\BOOKMARK [1][-]{section.1.1}{\376\377\000I\000n\000s\000t\000a\000l\000l\000a\000t\000i\000o\000n}{chapter.1}% 2
\BOOKMARK [2][-]{subsection.1.1.1}{\376\377\000L\000i\000n\000u\000x}{section.1.1}% 3
\BOOKMARK [2][-]{subsection.1.1.2}{\376\377\000W\000i\000n\000d\000o\000w\000s}{section.1.1}% 4
\BOOKMARK [3][-]{subsubsection*.3}{\376\377\000P\000r\000e\000l\000i\000m\000i\000n\000a\000r\000i\000e\000s}{subsection.1.1.2}% 5
\BOOKMARK [3][-]{subsubsection*.4}{\376\377\000G\000i\000t\000h\000u\000b\000\040\000a\000n\000d\000\040\000C\000l\000o\000n\000i\000n\000g}{subsection.1.1.2}% 6
\BOOKMARK [3][-]{subsubsection*.5}{\376\377\000T\000e\000s\000t\000\040\000a\000n\000d\000\040\000C\000o\000m\000p\000i\000l\000a\000t\000i\000o\000n}{subsection.1.1.2}% 7
\BOOKMARK [1][-]{section.1.2}{\376\377\000Q\000u\000i\000c\000k\000g\000u\000i\000d\000e}{chapter.1}% 8
\BOOKMARK [2][-]{subsection.1.2.1}{\376\377\000G\000e\000n\000e\000r\000a\000l\000\040\000T\000h\000i\000n\000g\000s}{section.1.2}% 9
\BOOKMARK [3][-]{subsubsection*.6}{\376\377\000T\000h\000e\000\040\000C\000o\000o\000r\000d\000i\000n\000a\000t\000e\000\040\000S\000y\000s\000t\000e\000m}{subsection.1.2.1}% 10
\BOOKMARK [2][-]{subsection.1.2.2}{\376\377\000F\000i\000r\000s\000t\000\040\000R\000u\000n}{section.1.2}% 11
\BOOKMARK [2][-]{subsection.1.2.3}{\376\377\000T\000h\000e\000\040\000P\000a\000r\000a\000m\000e\000t\000e\000r\000\040\000S\000t\000r\000u\000c\000t\000u\000r\000e\000s}{section.1.2}% 12
\BOOKMARK [2][-]{subsection.1.2.4}{\376\377\000U\000n\000d\000u\000\040\000M\000o\000d\000e\000s}{section.1.2}% 13
\BOOKMARK [2][-]{subsection.1.2.5}{\376\377\000U\000s\000e\000r\000-\000d\000e\000f\000i\000n\000e\000d\000\040\000B\000-\000F\000i\000e\000l\000d\000s}{section.1.2}% 14
\BOOKMARK [2][-]{subsection.1.2.6}{\376\377\000E\000l\000l\000i\000p\000t\000i\000c\000a\000l\000\040\000U\000n\000d\000u\000l\000a\000t\000o\000r}{section.1.2}% 15
\BOOKMARK [2][-]{subsection.1.2.7}{\376\377\000S\000i\000m\000p\000l\000e\000\040\000U\000n\000d\000u\000l\000a\000t\000o\000r\000\040\000w\000i\000t\000h\000\040\000E\000n\000d\000p\000o\000l\000e\000s}{section.1.2}% 16
\BOOKMARK [2][-]{subsection.1.2.8}{\376\377\000P\000l\000o\000t\000t\000i\000n\000g\000\040\000a\000n\000d\000\040\000R\000e\000s\000u\000l\000t\000s}{section.1.2}% 17
\BOOKMARK [3][-]{subsubsection*.7}{\376\377\000G\000e\000t\000t\000i\000n\000g\000\040\000R\000e\000s\000u\000l\000t\000s}{subsection.1.2.8}% 18
\BOOKMARK [3][-]{subsubsection*.8}{\376\377\000P\000l\000o\000t\000t\000i\000n\000g\000\040\000R\000e\000s\000u\000l\000t\000s}{subsection.1.2.8}% 19
\BOOKMARK [4][-]{paragraph*.9}{\376\377\0002\000D\000\040\000P\000l\000o\000t\000s}{subsubsection*.8}% 20
\BOOKMARK [4][-]{paragraph*.10}{\376\377\000M\000e\000r\000g\000e\000\040\000P\000l\000o\000t\000s}{subsubsection*.8}% 21
\BOOKMARK [4][-]{paragraph*.11}{\376\377\000L\000o\000g\000\040\000P\000l\000o\000t\000s}{subsubsection*.8}% 22
\BOOKMARK [4][-]{paragraph*.12}{\376\377\000P\000a\000r\000a\000m\000e\000t\000r\000i\000c\000\040\000P\000l\000o\000t\000s}{subsubsection*.8}% 23
\BOOKMARK [4][-]{paragraph*.13}{\376\377\0003\000D\000\040\000P\000l\000o\000t\000s}{subsubsection*.8}% 24
\BOOKMARK [4][-]{paragraph*.14}{\376\377\000P\000l\000o\000t\000\040\000F\000l\000u\000x\000\040\000D\000e\000n\000s\000i\000t\000y\000\040\000D\000i\000s\000t\000r\000i\000b\000u\000t\000i\000o\000n\000s}{subsubsection*.8}% 25
\BOOKMARK [1][-]{section.1.3}{\376\377\000A\000P\000I\000\040\000R\000e\000f\000e\000r\000e\000n\000c\000e}{chapter.1}% 26
\BOOKMARK [2][-]{subsection.1.3.1}{\376\377\000u\000n\000d\000u\000w\000a\000v\000e}{section.1.3}% 27
\BOOKMARK [3][-]{subsubsection*.16}{\376\377\000S\000u\000b\000p\000a\000c\000k\000a\000g\000e\000s}{subsection.1.3.1}% 28
\BOOKMARK [4][-]{paragraph*.17}{\376\377\000u\000n\000d\000u\000w\000a\000v\000e\000.\000a\000p\000i}{subsubsection*.16}% 29
\BOOKMARK [5][-]{subparagraph*.18}{\376\377\000S\000u\000b\000m\000o\000d\000u\000l\000e\000s}{paragraph*.17}% 30
\BOOKMARK [5][-]{subparagraph*.19}{\376\377\000u\000n\000d\000u\000w\000a\000v\000e\000.\000a\000p\000i\000.\000u\000n\000d\000u\000\137\000a\000p\000i\000\137\000r\000o\000o\000t}{paragraph*.17}% 31
\BOOKMARK [5][-]{subparagraph*.20}{\376\377\000C\000l\000a\000s\000s\000e\000s}{paragraph*.17}% 32
\BOOKMARK [5][-]{subparagraph*.21}{\376\377\000F\000u\000n\000c\000t\000i\000o\000n\000s}{paragraph*.17}% 33
\BOOKMARK [5][-]{subparagraph*.22}{\376\377\000M\000o\000d\000u\000l\000e\000\040\000C\000o\000n\000t\000e\000n\000t\000s}{paragraph*.17}% 34
\BOOKMARK [5][-]{subparagraph*.69}{\376\377\000u\000n\000d\000u\000w\000a\000v\000e\000.\000a\000p\000i\000.\000w\000a\000v\000e\000\137\000a\000p\000i\000\137\000r\000o\000o\000t}{paragraph*.17}% 35
\BOOKMARK [5][-]{subparagraph*.70}{\376\377\000C\000l\000a\000s\000s\000e\000s}{paragraph*.17}% 36
\BOOKMARK [5][-]{subparagraph*.71}{\376\377\000M\000o\000d\000u\000l\000e\000\040\000C\000o\000n\000t\000e\000n\000t\000s}{paragraph*.17}% 37
\BOOKMARK [4][-]{paragraph*.76}{\376\377\000u\000n\000d\000u\000w\000a\000v\000e\000.\000a\000t\000t\000r\000i\000b\000u\000t\000e\000\137\000c\000l\000a\000s\000s\000e\000s}{subsubsection*.16}% 38
\BOOKMARK [5][-]{subparagraph*.77}{\376\377\000S\000u\000b\000m\000o\000d\000u\000l\000e\000s}{paragraph*.76}% 39
\BOOKMARK [5][-]{subparagraph*.78}{\376\377\000u\000n\000d\000u\000w\000a\000v\000e\000.\000a\000t\000t\000r\000i\000b\000u\000t\000e\000\137\000c\000l\000a\000s\000s\000e\000s\000.\000a\000t\000t\000r\000i\000b\000u\000t\000e\000s}{paragraph*.76}% 40
\BOOKMARK [5][-]{subparagraph*.79}{\376\377\000C\000l\000a\000s\000s\000e\000s}{paragraph*.76}% 41
\BOOKMARK [5][-]{subparagraph*.80}{\376\377\000M\000o\000d\000u\000l\000e\000\040\000C\000o\000n\000t\000e\000n\000t\000s}{paragraph*.76}% 42
\BOOKMARK [4][-]{paragraph*.95}{\376\377\000u\000n\000d\000u\000w\000a\000v\000e\000.\000h\000e\000l\000p\000e\000r\000s}{subsubsection*.16}% 43
\BOOKMARK [5][-]{subparagraph*.96}{\376\377\000S\000u\000b\000m\000o\000d\000u\000l\000e\000s}{paragraph*.95}% 44
\BOOKMARK [5][-]{subparagraph*.97}{\376\377\000u\000n\000d\000u\000w\000a\000v\000e\000.\000h\000e\000l\000p\000e\000r\000s\000.\000b\000f\000i\000e\000l\000d\000\137\000h\000e\000l\000p\000e\000r\000s}{paragraph*.95}% 45
\BOOKMARK [5][-]{subparagraph*.98}{\376\377\000F\000u\000n\000c\000t\000i\000o\000n\000s}{paragraph*.95}% 46
\BOOKMARK [5][-]{subparagraph*.99}{\376\377\000M\000o\000d\000u\000l\000e\000\040\000C\000o\000n\000t\000e\000n\000t\000s}{paragraph*.95}% 47
\BOOKMARK [5][-]{subparagraph*.114}{\376\377\000u\000n\000d\000u\000w\000a\000v\000e\000.\000h\000e\000l\000p\000e\000r\000s\000.\000f\000i\000l\000e\000\137\000f\000o\000l\000d\000e\000r\000\137\000h\000e\000l\000p\000e\000r\000s}{paragraph*.95}% 48
\BOOKMARK [5][-]{subparagraph*.115}{\376\377\000F\000u\000n\000c\000t\000i\000o\000n\000s}{paragraph*.95}% 49
\BOOKMARK [5][-]{subparagraph*.116}{\376\377\000M\000o\000d\000u\000l\000e\000\040\000C\000o\000n\000t\000e\000n\000t\000s}{paragraph*.95}% 50
\BOOKMARK [4][-]{paragraph*.125}{\376\377\000u\000n\000d\000u\000w\000a\000v\000e\000.\000q\000u\000a\000n\000t\000i\000t\000i\000e\000s}{subsubsection*.16}% 51
\BOOKMARK [5][-]{subparagraph*.126}{\376\377\000S\000u\000b\000m\000o\000d\000u\000l\000e\000s}{paragraph*.125}% 52
\BOOKMARK [5][-]{subparagraph*.127}{\376\377\000u\000n\000d\000u\000w\000a\000v\000e\000.\000q\000u\000a\000n\000t\000i\000t\000i\000e\000s\000.\000q\000u\000a\000n\000t\000i\000t\000i\000e\000s}{paragraph*.125}% 53
\BOOKMARK [5][-]{subparagraph*.128}{\376\377\000C\000l\000a\000s\000s\000e\000s}{paragraph*.125}% 54
\BOOKMARK [5][-]{subparagraph*.129}{\376\377\000M\000o\000d\000u\000l\000e\000\040\000C\000o\000n\000t\000e\000n\000t\000s}{paragraph*.125}% 55
\BOOKMARK [4][-]{paragraph*.135}{\376\377\000u\000n\000d\000u\000w\000a\000v\000e\000.\000w\000a\000v\000e\000\137\000m\000o\000d\000u\000l\000e\000s}{subsubsection*.16}% 56
\BOOKMARK [5][-]{subparagraph*.136}{\376\377\000S\000u\000b\000m\000o\000d\000u\000l\000e\000s}{paragraph*.135}% 57
\BOOKMARK [5][-]{subparagraph*.137}{\376\377\000u\000n\000d\000u\000w\000a\000v\000e\000.\000w\000a\000v\000e\000\137\000m\000o\000d\000u\000l\000e\000s\000.\000w\000a\000v\000e\000\137\000c\000o\000n\000t\000r\000o\000l}{paragraph*.135}% 58
\BOOKMARK [5][-]{subparagraph*.138}{\376\377\000A\000t\000t\000r\000i\000b\000u\000t\000e\000s}{paragraph*.135}% 59
\BOOKMARK [5][-]{subparagraph*.139}{\376\377\000C\000l\000a\000s\000s\000e\000s}{paragraph*.135}% 60
\BOOKMARK [5][-]{subparagraph*.140}{\376\377\000M\000o\000d\000u\000l\000e\000\040\000C\000o\000n\000t\000e\000n\000t\000s}{paragraph*.135}% 61
\BOOKMARK [5][-]{subparagraph*.144}{\376\377\000u\000n\000d\000u\000w\000a\000v\000e\000.\000w\000a\000v\000e\000\137\000m\000o\000d\000u\000l\000e\000s\000.\000w\000a\000v\000e\000\137\000p\000a\000r\000a\000m\000e\000t\000e\000r\000s}{paragraph*.135}% 62
\BOOKMARK [5][-]{subparagraph*.145}{\376\377\000C\000l\000a\000s\000s\000e\000s}{paragraph*.135}% 63
\BOOKMARK [5][-]{subparagraph*.146}{\376\377\000M\000o\000d\000u\000l\000e\000\040\000C\000o\000n\000t\000e\000n\000t\000s}{paragraph*.135}% 64
\BOOKMARK [5][-]{subparagraph*.226}{\376\377\000u\000n\000d\000u\000w\000a\000v\000e\000.\000w\000a\000v\000e\000\137\000m\000o\000d\000u\000l\000e\000s\000.\000w\000a\000v\000e\000\137\000p\000o\000s\000t\000p\000r\000o\000c\000e\000s\000s}{paragraph*.135}% 65
\BOOKMARK [5][-]{subparagraph*.227}{\376\377\000C\000l\000a\000s\000s\000e\000s}{paragraph*.135}% 66
\BOOKMARK [5][-]{subparagraph*.228}{\376\377\000M\000o\000d\000u\000l\000e\000\040\000C\000o\000n\000t\000e\000n\000t\000s}{paragraph*.135}% 67
\BOOKMARK [5][-]{subparagraph*.233}{\376\377\000u\000n\000d\000u\000w\000a\000v\000e\000.\000w\000a\000v\000e\000\137\000m\000o\000d\000u\000l\000e\000s\000.\000w\000a\000v\000e\000\137\000p\000r\000e\000p\000a\000r\000e}{paragraph*.135}% 68
\BOOKMARK [5][-]{subparagraph*.234}{\376\377\000C\000l\000a\000s\000s\000e\000s}{paragraph*.135}% 69
\BOOKMARK [5][-]{subparagraph*.235}{\376\377\000M\000o\000d\000u\000l\000e\000\040\000C\000o\000n\000t\000e\000n\000t\000s}{paragraph*.135}% 70
\BOOKMARK [5][-]{subparagraph*.239}{\376\377\000u\000n\000d\000u\000w\000a\000v\000e\000.\000w\000a\000v\000e\000\137\000m\000o\000d\000u\000l\000e\000s\000.\000w\000a\000v\000e\000\137\000r\000e\000s\000u\000l\000t\000s}{paragraph*.135}% 71
\BOOKMARK [5][-]{subparagraph*.240}{\376\377\000C\000l\000a\000s\000s\000e\000s}{paragraph*.135}% 72
\BOOKMARK [5][-]{subparagraph*.241}{\376\377\000M\000o\000d\000u\000l\000e\000\040\000C\000o\000n\000t\000e\000n\000t\000s}{paragraph*.135}% 73
\BOOKMARK [3][-]{subsubsection*.251}{\376\377\000S\000u\000b\000m\000o\000d\000u\000l\000e\000s}{subsection.1.3.1}% 74
\BOOKMARK [4][-]{paragraph*.252}{\376\377\000u\000n\000d\000u\000w\000a\000v\000e\000.\000c\000o\000n\000s\000t\000a\000n\000t\000s}{subsubsection*.251}% 75
\BOOKMARK [5][-]{subparagraph*.253}{\376\377\000A\000t\000t\000r\000i\000b\000u\000t\000e\000s}{paragraph*.252}% 76
\BOOKMARK [5][-]{subparagraph*.254}{\376\377\000M\000o\000d\000u\000l\000e\000\040\000C\000o\000n\000t\000e\000n\000t\000s}{paragraph*.252}% 77
\BOOKMARK [4][-]{paragraph*.262}{\376\377\000u\000n\000d\000u\000w\000a\000v\000e\000.\000u\000n\000d\000u\000w\000a\000v\000e\000\137\000i\000n\000c\000l}{subsubsection*.251}% 78
\BOOKMARK [5][-]{subparagraph*.263}{\376\377\000A\000t\000t\000r\000i\000b\000u\000t\000e\000s}{paragraph*.262}% 79
\BOOKMARK [5][-]{subparagraph*.264}{\376\377\000F\000u\000n\000c\000t\000i\000o\000n\000s}{paragraph*.262}% 80
\BOOKMARK [5][-]{subparagraph*.265}{\376\377\000M\000o\000d\000u\000l\000e\000\040\000C\000o\000n\000t\000e\000n\000t\000s}{paragraph*.262}% 81
\BOOKMARK [3][-]{subsubsection*.268}{\376\377\000A\000t\000t\000r\000i\000b\000u\000t\000e\000s}{subsection.1.3.1}% 82
\BOOKMARK [3][-]{subsubsection*.269}{\376\377\000C\000l\000a\000s\000s\000e\000s}{subsection.1.3.1}% 83
\BOOKMARK [3][-]{subsubsection*.270}{\376\377\000F\000u\000n\000c\000t\000i\000o\000n\000s}{subsection.1.3.1}% 84
\BOOKMARK [3][-]{subsubsection*.271}{\376\377\000P\000a\000c\000k\000a\000g\000e\000\040\000C\000o\000n\000t\000e\000n\000t\000s}{subsection.1.3.1}% 85
\BOOKMARK [0][-]{chapter.2}{\376\377\000I\000n\000d\000i\000c\000e\000s\000\040\000a\000n\000d\000\040\000t\000a\000b\000l\000e\000s}{}% 86
\BOOKMARK [0][-]{section*.425}{\376\377\000P\000y\000t\000h\000o\000n\000\040\000M\000o\000d\000u\000l\000e\000\040\000I\000n\000d\000e\000x}{}% 87
\BOOKMARK [0][-]{section*.426}{\376\377\000I\000n\000d\000e\000x}{}% 88
