
                                                   19:42:38 24.11.24


           *********************************************
           *          PROGRAM WAVE                     *
           *                                           *
           *       VERSION 4.01/06    26.4.2024        *
           *                                           *
           *          Michael Scheer                   *
           *              BESSY                        *
           *********************************************


      Compiler-Version: GCC version 12.2.0
      Hostname: Calculus
      Working directory: /home/jerostan/Documents/Very_Unimportant/Arbeit/HZB/Undus/Programming/Python_Code/apy/unduwave/External-Software/WAVE/stage

      USER COMMENT:

      WAVE.EXAMPLE                                                     

      CURRENT NUMBER:           2



      USER NAMELIST:





      MODE FLAGS:

      IUNDULATOR,IWIGGLER:            0           0



      CONTROL FLAGS:


      IUNAME,IUSTEP,IUOUT:            0           0           0
      IOPTIC,IGENFUN:                 0           0
      IMAGSPLN:                       0
      IEMIT,IEMIAHW:                  0           0
      IWLSOPT,IBEAMPOL:               0           0
      IENELOSS, IEFIELD:              1           0
      IPOWER,ISPEC:                   0           0
      IVELOFIELD,ISPECMODE:           0           2
      IWFILF:                         0


      MAGNETIC FIELD FLAGS:



      ICHARGE,IBMASK,JBMASK:          -1           0           0
      IBSUPER,IBERROR:                 1           0
      ICUTFIBO:                        1

      IPERIODG,IBSYM:                 0           0
      IBSYMY,IBSYMZ:                  0           0
      KBEXTERN,KBFELD:                0           0
      KHALBA,KHALBASY:                0           0
      KUCROSS,IRFILP:                 0           0
      KMAGSEQ,IMGSQF:                 0           0
             KMAGCOR:                 1
      IRFILF,KELLIP:                  0           0
      IRBTAB,IRBTABZY:               -2           0
      IFOURBTABZY:                    0
      IRFILT0,IRBTABXYZ:              0           0
      KBPOLYH,KBPOLY3D:               0           0
      KBREC,KELLANA:                  0           0
      KUNDUGAP,KBUNDUMAG:             0           0
      KBPOLYMAG,KBGENESIS:            0           0
      KBAMWLS,IRFILB0:                0           0
      ICLUSTER:                       0

  
  
        Max number of threads available, number of used ones:
                   8           2


      HISTOGRAM FLAGS:

      IHBOOK,IHINDEX:                 1           0


      OTHER OPTIONS:


      IWBTAB,IWFILT0:                 0           0
      IWSECTMAGS:                     0
      IJUST,ISNORDER:                 0           0
      IWBMAP,IWBPOLY3D:               0           0
      IWBPOLY2DH,IWBPHARM:            0           0


      SR BTAB: Magnetic field data read from file
      btab.dat                                                                                                                        

      BTAB comment:btab.dat                                                    

      Length of device:        1.8600000000000001     
      Half length of device:  0.93000000000000005     


      Number of tracking steps per meter (MYINUM):         5000

      Start and end of the trajectory [m](XSTART,XSTOP):
       -0.930000007      0.930000007    

      BMOVECUT:   9.99999997E-07

      Initial energy [GeV] and gamma:    1.72200000       3369.8702546331497     
      Final energy [GeV] and gamma:      1.72199631       3369.8631392052484     
      Relative change:                  -2.11148426E-06


      B-rho [Tm], current [A]:   -5.74397326      0.300000012    

      Offset for vert. and hori. magnetic field (BYGOFF, BZGOFF):
          0.00000000       0.00000000    
      Global scaling factor for mag. field (B0SCGLOB,A0SCGLOB):
          1.00000000       1.00000000    

      Global rel. taper (XTAPER, BTAPERV, BTAPERH):
          0.00000000       0.00000000       0.00000000    

      Long. shift [m] of device (X(e-) -> X(e-)+XSHIFT):    0.00000000    
      Vert. shift [m] of device (Y(e-) -> Y(e-)+VSHIFT):    0.00000000    
      Hori. shift [m] of device (Z(e-) -> Z(e-)+HSHIFT):    0.00000000    
      Rotation angle [degree] of device:                    0.00000000    
      Y(e-) -> Y(e-)*sin(XROTD) + Y(e-)*cos(XROTD)
      Z(e-) -> Z(e-)*cos(XROTD) - Y(e-)*sin(XROTD)


      Magnetic field [T] at starting point:
         0.00000000       6.27620739E-06   0.00000000    

      Vector potential [T-m] at starting point:
         0.00000000       0.00000000       2.91843639E-06


      Magnetic field [T] at stopping point:
         0.00000000       6.44546071E-06   0.00000000    

      Vector potential [T-m] at stopping point:
         5.27416097E-11   0.00000000      -2.99713906E-06

      Extrema of magnetic field [T] and the trajectory [m]:

      BXmax,BXmin:    0.00000000       0.00000000    
      BYmax,BYmin:    1.17878103      -1.22118139    
      BZmax,BZmin:    0.00000000       0.00000000    

      Xmax,Xmin:   0.930000007     -0.930000007    
      Ymax,Ymin:    0.00000000       0.00000000    
      Zmax,Zmin:    1.63655059E-05  -6.67012409E-06


      Extrema of magnetic field [T] and the trajectory [m] between
      XIANF and XIEND

      BXmaxAE,BXminAE:    0.00000000       0.00000000    
      BYmaxAE,BYminAE:    1.17878103      -1.22118139    
      BZmaxAE,BZminAE:    0.00000000       0.00000000    

      XmaxAE,XminAE:   0.929999828     -0.930000007    
      YmaxAE,YminAE:    0.00000000       0.00000000    
      ZmaxAE,ZminAE:    1.63655041E-05  -6.67012409E-06


      Start values (coordinates [m] and slopes) of trajectory:

      X0:  -0.93000000000000005     
      Y0:    0.0000000000000000     
      Z0:    0.0000000000000000     

      ZP0:   0.0000000000000000     
      YP0:   0.0000000000000000     

      VX0:   299792444.80029100     
      VY0:   0.0000000000000000     
      VZ0:   0.0000000000000000     

      Values for X=0 (coordinates [m] and slopes) of trajectory:

      YCEN:    0.0000000000000000     
      ZCEN:    5.3741481952829689E-007

      YPCEN:   0.0000000000000000     
      ZPCEN:  -2.2969011565535001E-005

      End values (coordinates [m] and slopes) of trajectory:

      XF0:   0.93000000000000005     
      YF0:    0.0000000000000000     
      ZF0:    1.6365504995221750E-005


      ZPF0:    9.3775430575003087E-006
      YPF0:    0.0000000000000000     

      VXF0:    299792444.78705364     
      VYF0:    0.0000000000000000     
      VZF0:    2811.3165593038793     


      Values for X=XIANF (coordinates [m] and slopes) of trajectory:

      XIANF:   -1.0000000000000000E+030
      YIANF:   -9999.0000000000000     
      ZIANF:   -9999.0000000000000     

      YPIANF:  -9999.0000000000000     
      ZPIANF:  -9999.0000000000000     



      Values for X=XIEND (coordinates [m] and slopes) of trajectory:

      XIEND:    1.0000000000000000E+030
      YIEND:   -9999.0000000000000     
      ZIEND:   -9999.0000000000000     

      YPIEND:  -9999.0000000000000     
      ZPIEND:  -9999.0000000000000     


      ZF0/(XSTOP-XSTART):    8.7986585995815851E-006
      YF0/(XSTOP-XSTART):    0.0000000000000000     


      *** WARNING IN GFINIT ***
      CLOSED ORBIT OFFSET EXCEEDS 1E-5 METER


      YF0-Y0:   0.0000000000000000     
      ZF0-Z0:   1.6365504995221750E-005

      YPF0-YP0:   0.0000000000000000     
      ZPF0-ZP0:   9.3775430575003087E-006

      Straight line fit of z(x):
      offset:   3.5716774236521641E-006
      slope:   9.6109977792023863E-006

      Straight line fit of vz(x)/vx(x):
      offset:   8.7982600511244428E-006
      slope:   1.5991597723660413E-005

      Straight line fit of y(x):
      offset:   0.0000000000000000     
      slope:   0.0000000000000000     

      Straight line fit of vy(x)/vx(x):
      offset:   0.0000000000000000     
      slope:   0.0000000000000000     

      1. magnetic integral [T-m]:    0.00000000      -5.38643726E-05   0.00000000    
      2. mag. integral [T-m**2]:    0.00000000      -9.40087702E-05   0.00000000    

      Integrated By**2 [T**2-m]:                     0.969024658    
      Energy irradiated by the device per e- [MeV]:   3.63597577E-03
      Rel. energy loss:                               2.11148404E-06
      Power irradiated by the device [kWATT]:         1.09079266    

      Length of trajectory (BINT0) [m]:
         1.8600001499733965     
      Integrated (YP**2+ZP**2)/2 of trajectory (WTRA2I) [m]:
         1.4997341549974519E-007
      corresponding phase advance [nm and eV]:
         231.86860959136098        5.3471742446212254     
      dE/E and corresponding dL = 2 * dE/E * L [nm]:
         1.00000005E-03  0.299946845    
      Circumference of the ring [m]:                 240.000000    
      Rel. change of total circumference (from BINT0):         
         6.24889140E-10
      Rel. change of total circumference (from WTRA2I):
         6.24889251E-10

      Max. and min. hori. deflection angle [rad]:    7.47286831E-04  -7.40633754E-04

  
       Number of generated random numbers:                    0
  

      LAST CHECK:

           BMAXGL:   1.2211814344698602     

           XBMAXGL: -0.71990000192246861     
           YBMAXGL:   0.0000000000000000     
           ZBMAXGL:  -6.5575745135057802E-006


      CURRENT NUMBER:           2


                     --- Program WAVE completed ---



                                                   19:42:39 24.11.24

