
                                                   11:23:07 27.11.24


           *********************************************
           *          PROGRAM WAVE                     *
           *                                           *
           *       VERSION 4.01/06    26.4.2024        *
           *                                           *
           *          Michael Scheer                   *
           *              BESSY                        *
           *********************************************


      Compiler-Version: GCC version 12.2.0
      Hostname: Calculus
      Working directory: /home/jerostan/Documents/Very_Unimportant/Arbeit/HZB/Undus/Programming/Python_Code/apy/unduwave/External-Software/WAVE/stage

      USER COMMENT:

      WAVE.EXAMPLE                                                     

      CURRENT NUMBER:          41



      USER NAMELIST:





      MODE FLAGS:

      IUNDULATOR,IWIGGLER:            0           0



      CONTROL FLAGS:


      IUNAME,IUSTEP,IUOUT:            0           0           0
      IOPTIC,IGENFUN:                 0           0
      IMAGSPLN:                       0
      IEMIT,IEMIAHW:                  0           0
      IWLSOPT,IBEAMPOL:               0           0
      IENELOSS, IEFIELD:              1           0
      IPOWER,ISPEC:                   0           1
      IVELOFIELD,ISPECMODE:           0           2
         IWFILL0,IRFILL0:                      0           0
         ISPECINT,IPIN:                        0           1
         ISTOKES,IBRILL:                       1           1
         IPINCIRC,IRPHI:                       0           0
         IFOLD,ISIGUSR:                        1           1
         IF1DIM,IPOLA:                         0           0
         IWFILSP0,IWFILSPF:                    0           0
         IRFILSP0,IRFILSTO:                    0           0
         IWFILSTO,IWFLSTOF:                    0           0
         ISPECANA,ISPECANAF:                   0           0
         IAMPLI,IAMPSKIP:                      0           0
         IWFILFL0,IWFILFLF:                    0           0
         IWFILS,IWFILSF:                       0           0
         IWFILSE,IWFILSEF:                     0           0
         IWFILB,IWFILBF:                       0           0
         IWFILBE,IWFILBEF:                     0           0
         IWFILINT,IPINALL:                     0           0
         IRFILOB,IFILTER:                      0           0
         IWFILRAY,IDESYNC:                     0           0
         IPHASE,IPHASEANA:                     0           0
         IDOSE,IEFOLD:                         0           1
         ISPECDIP,IBL0CUT:                     0           0
         IEFFI,IFILMUL:                        0           0
         IBUNCH, IUBUNCH, NBUNCH:              0           0           0
      IWFILF:                         0


      MAGNETIC FIELD FLAGS:



      ICHARGE,IBMASK,JBMASK:          -1           0           0
      IBSUPER,IBERROR:                 1           0
      ICUTFIBO:                        1

      IPERIODG,IBSYM:                 0           0
      IBSYMY,IBSYMZ:                  0           0
      KBEXTERN,KBFELD:                0           0
      KHALBA,KHALBASY:                1           0
      KUCROSS,IRFILP:                 0           0
      KMAGSEQ,IMGSQF:                 0           0
             KMAGCOR:                 1
      IRFILF,KELLIP:                  0           0
      IRBTAB,IRBTABZY:                0           0
      IFOURBTABZY:                    0
      IRFILT0,IRBTABXYZ:              0           0
      KBPOLYH,KBPOLY3D:               0           0
      KBREC,KELLANA:                  0           0
      KUNDUGAP,KBUNDUMAG:             0           0
      KBPOLYMAG,KBGENESIS:            0           0
      KBAMWLS,IRFILB0:                0           0
      ICLUSTER:                       0

  
  
        Max number of threads available, number of used ones:
                   8           2


      HISTOGRAM FLAGS:

      IHBOOK,IHINDEX:                 1           0


      OTHER OPTIONS:


      IWBTAB,IWFILT0:                 0           0
      IWSECTMAGS:                     0
      IJUST,ISNORDER:                 0           0
      IWBMAP,IWBPOLY3D:               0           0
      IWBPOLY2DH,IWBPHARM:            0           0


       SR BHALBA: parameters of Halbach wiggler

       B0 [T] and corresponding radius [m]:       0.214194894       26.8165741    
       Length and half length of device [m]:      0.500000000      0.250000000    
       Approximated path amplitude for zero gradient [m]:   2.36144024E-06
       L0, L0X, L0Y [m]:   5.00000007E-02   0.00000000       5.00000007E-02
       K, KX, KY [1/m]:    125.663704       0.00000000       125.663704    
       Number of periods, closed orbit offset [m]:   10.0000000       2.36144024E-06
       Deflection parameter K, 1. harmonical [eV]:   1.00000000       375.458008    
       Critical energy [eV]:   422.390259    


      Number of tracking steps per meter (MYINUM):         5000

      Start and end of the trajectory [m](XSTART,XSTOP):
       -0.250000000      0.250000000    

      BMOVECUT:   9.99999997E-07

      Initial energy [GeV] and gamma:    1.72200000       3369.8702546331497     
      Final energy [GeV] and gamma:      1.72200000       3369.8701703436395     
      Relative change:                  -2.50126870E-08


      B-rho [Tm], current [A]:   -5.74397326      0.300000012    

      Offset for vert. and hori. magnetic field (BYGOFF, BZGOFF):
          0.00000000       0.00000000    
      Global scaling factor for mag. field (B0SCGLOB,A0SCGLOB):
          1.00000000       1.00000000    

      Global rel. taper (XTAPER, BTAPERV, BTAPERH):
          0.00000000       0.00000000       0.00000000    

      Long. shift [m] of device (X(e-) -> X(e-)+XSHIFT):    0.00000000    
      Vert. shift [m] of device (Y(e-) -> Y(e-)+VSHIFT):    0.00000000    
      Hori. shift [m] of device (Z(e-) -> Z(e-)+HSHIFT):    0.00000000    
      Rotation angle [degree] of device:                    0.00000000    
      Y(e-) -> Y(e-)*sin(XROTD) + Y(e-)*cos(XROTD)
      Z(e-) -> Z(e-)*cos(XROTD) - Y(e-)*sin(XROTD)


      Magnetic field [T] at starting point:
         0.00000000      0.214194894       0.00000000    

      Vector potential [T-m] at starting point:
         0.00000000       0.00000000      -2.08742130E-18


      Magnetic field [T] at stopping point:
         0.00000000      0.214194894       0.00000000    

      Vector potential [T-m] at stopping point:
         0.00000000       0.00000000       2.08742130E-18

      Extrema of magnetic field [T] and the trajectory [m]:

      BXmax,BXmin:    0.00000000       0.00000000    
      BYmax,BYmin:   0.214194894     -0.214177996    
      BZmax,BZmin:    0.00000000       0.00000000    

      Xmax,Xmin:   0.250000000     -0.250000000    
      Ymax,Ymin:    0.00000000       0.00000000    
      Zmax,Zmin:    3.67188566E-13  -4.72275633E-06


      Extrema of magnetic field [T] and the trajectory [m] between
      XIANF and XIEND

      BXmaxAE,BXminAE:    0.00000000       0.00000000    
      BYmaxAE,BYminAE:   0.214194894     -0.214177996    
      BZmaxAE,BZminAE:    0.00000000       0.00000000    

      XmaxAE,XminAE:   0.249999985     -0.250000000    
      YmaxAE,YminAE:    0.00000000       0.00000000    
      ZmaxAE,ZminAE:    3.67186370E-13  -4.72275633E-06


      Start values (coordinates [m] and slopes) of trajectory:

      X0:  -0.25000000000000000     
      Y0:    0.0000000000000000     
      Z0:    0.0000000000000000     

      ZP0:   0.0000000000000000     
      YP0:   0.0000000000000000     

      VX0:   299792444.80029100     
      VY0:   0.0000000000000000     
      VZ0:   0.0000000000000000     

      Values for X=0 (coordinates [m] and slopes) of trajectory:

      YCEN:    0.0000000000000000     
      ZCEN:    1.6116317708427276E-013

      YPCEN:   0.0000000000000000     
      ZPCEN:  -2.4826753430810694E-012

      End values (coordinates [m] and slopes) of trajectory:

      XF0:   0.25000000000000000     
      YF0:    0.0000000000000000     
      ZF0:    3.6718856307323819E-013


      ZPF0:   -4.9230347952118406E-012
      YPF0:    0.0000000000000000     

      VXF0:    299792444.80029035     
      VYF0:    0.0000000000000000     
      VZF0:   -1.4758886370934545E-003


      Values for X=XIANF (coordinates [m] and slopes) of trajectory:

      XIANF:   -1.0000000000000000E+030
      YIANF:   -9999.0000000000000     
      ZIANF:   -9999.0000000000000     

      YPIANF:  -9999.0000000000000     
      ZPIANF:  -9999.0000000000000     



      Values for X=XIEND (coordinates [m] and slopes) of trajectory:

      XIEND:    1.0000000000000000E+030
      YIEND:   -9999.0000000000000     
      ZIEND:   -9999.0000000000000     

      YPIEND:  -9999.0000000000000     
      ZPIEND:  -9999.0000000000000     


      ZF0/(XSTOP-XSTART):    7.3437712614647637E-013
      YF0/(XSTOP-XSTART):    0.0000000000000000     

      YF0-Y0:   0.0000000000000000     
      ZF0-Z0:   3.6718856307323819E-013

      YPF0-YP0:   0.0000000000000000     
      ZPF0-ZP0:  -4.9230347952118406E-012

      Straight line fit of z(x):
      offset:  -2.3604339773354172E-006
      slope:   2.0538815863502642E-014

      Straight line fit of vz(x)/vx(x):
      offset:   6.1403995123441252E-013
      slope:   1.1321027551895031E-004

      Straight line fit of y(x):
      offset:   0.0000000000000000     
      slope:   0.0000000000000000     

      Straight line fit of vy(x)/vx(x):
      offset:   0.0000000000000000     
      slope:   0.0000000000000000     

      1. magnetic integral [T-m]:    0.00000000      -6.20482737E-14   0.00000000    
      2. mag. integral [T-m**2]:    0.00000000      -2.35734555E-13   0.00000000    

      Integrated By**2 [T**2-m]:                      1.14698643E-02
      Energy irradiated by the device per e- [MeV]:   4.30374203E-05
      Rel. energy loss:                               2.49926959E-08
      Power irradiated by the device [kWATT]:         1.29112266E-02

      Length of trajectory (BINT0) [m]:
        0.50000001100621239     
      Integrated (YP**2+ZP**2)/2 of trajectory (WTRA2I) [m]:
         1.1006215102605440E-008
      corresponding phase advance [nm and eV]:
         33.020960427826921        37.547116779142463     
      dE/E and corresponding dL = 2 * dE/E * L [nm]:
         1.00000005E-03   2.20124293E-02
      Circumference of the ring [m]:                 240.000000    
      Rel. change of total circumference (from BINT0):         
         4.58592192E-11
      Rel. change of total circumference (from WTRA2I):
         4.58592296E-11

      Max. and min. hori. deflection angle [rad]:    2.96731741E-04  -2.96731741E-04


      SPECTRUM
      ===========

      Start and end of points [m] of integration for spectrum
      calculations (XIANF,XIEND):  -1.00000002E+30   1.00000002E+30


      SR SETWGWIN CALLED:

       WGWINFC set to:    2646.6899088765672     


      SR WFILL0:

      Parameters:
      WGWINFC:   2646.6899088765672     
      WBL0CUT:   0.0000000000000000     
      WBL0HYS:   1.0000000000000000     

      Pinhole of collimators:
      (X,Y,Z), width, height:

        1.0000E+01  0.0000E+00  0.0000E+00  4.2000E-03  4.2000E-03
        1.0000E+01  0.0000E+00  0.0000E+00  4.2000E-03  4.2000E-03

      Number of sources:           1
      Begin and end of sources (x,y,z):

                 1 -0.250000000       0.00000000       0.00000000    
                 1  0.250000000       0.00000000       3.67188566E-13

      Horiz., vert. slopes and mag. field
      at begin and end of sources:

                 1   0.00000000       0.00000000      0.214194894    
                 1  -4.92303464E-12   0.00000000      0.214194894    


      SR COHEREN:
      Minimum and maximum number of phases  between
      photons and electrons:
         7.42938137       13.8775244    


       selected observation point:

          10.0000000       1.66666665E-04   1.66666665E-04


 *** WARNING IN SR CHECKOB ***
 OBSERVATION POINTS AND COLLIMATOR INCONSISTENT
 CHECK RESULTS CAREFULLY

 OBSERVATION POINT (X,Y,Z):
